2024/07/03 20:34:02 component.go:91: [release]	Leaf :1.1.4  starting up
2024/07/03 20:34:14 client.go:59: [debug]	玩家:12 待绑定客户端
2024/07/03 20:34:15 client.go:47: [debug]	新增一个客户端IP://::1 玩家:12
2024/07/03 20:35:00 chanrpc.go:133: [error]	runtime error: invalid memory address or nil pointer dereference: goroutine 84 [running]:
github.com/po2656233/goleaf/chanrpc.(*Server).exec.func1()
	E:/GoPrj/src/pkg/mod/github.com/po2656233/goleaf@v0.0.0-20240617091014-ede6cdcd76b7/chanrpc/chanrpc.go:104 +0xc5
panic({0x1a0d220, 0x18e8350})
	D:/Go/go1.20/src/runtime/panic.go:890 +0x262
superman/nodes/leaf/jettengame/game/internal.enter({0xc0000d8460, 0x2, 0x2})
	E:/GoPrj/superman/nodes/leaf/jettengame/game/internal/handler.go:174 +0x2df
github.com/po2656233/goleaf/chanrpc.(*Server).exec(0xc000126280, 0xc000118500)
	E:/GoPrj/src/pkg/mod/github.com/po2656233/goleaf@v0.0.0-20240617091014-ede6cdcd76b7/chanrpc/chanrpc.go:117 +0x4c2
github.com/po2656233/goleaf/chanrpc.(*Server).Exec(0xc000126280, 0xc000118500)
	E:/GoPrj/src/pkg/mod/github.com/po2656233/goleaf@v0.0.0-20240617091014-ede6cdcd76b7/chanrpc/chanrpc.go:131 +0x3b
github.com/po2656233/goleaf/module.(*Skeleton).Run(0xc00012adc0, 0xc000642150)
	E:/GoPrj/src/pkg/mod/github.com/po2656233/goleaf@v0.0.0-20240617091014-ede6cdcd76b7/module/skeleton.go:59 +0x2fe
github.com/po2656233/goleaf/module.run(0xc0006243c0)
	E:/GoPrj/src/pkg/mod/github.com/po2656233/goleaf@v0.0.0-20240617091014-ede6cdcd76b7/module/module.go:54 +0x3a
created by github.com/po2656233/goleaf/module.Init
	E:/GoPrj/src/pkg/mod/github.com/po2656233/goleaf@v0.0.0-20240617091014-ede6cdcd76b7/module/module.go:40 +0x132
2024/07/03 20:35:00 component.go:140: [release]	Leaf closing down!
